F:\C++ PROJECT\PROJECT\PROJECT\DEBUG\TESTPROJECT.OBJ
F:\C++ PROJECT\PROJECT\PROJECT\DEBUG\VC110.PDB
F:\C++ PROJECT\PROJECT\PROJECT\DEBUG\查找与排序.OBJ
F:\C++ PROJECT\PROJECT\PROJECT\DEBUG\排序.OBJ
F:\C++ PROJECT\PROJECT\PROJECT\DEBUG\哈希表.OBJ
F:\C++ PROJECT\PROJECT\PROJECT\DEBUG\平衡二叉树.OBJ
F:\C++ PROJECT\PROJECT\PROJECT\DEBUG\八皇后回溯递归.OBJ
F:\C++ PROJECT\PROJECT\PROJECT\DEBUG\递归迷宫.OBJ
F:\C++ PROJECT\PROJECT\PROJECT\DEBUG\一元多项式.OBJ
F:\C++ PROJECT\PROJECT\PROJECT\DEBUG\OPEN_SAVE_FILE.OBJ
F:\C++ PROJECT\PROJECT\PROJECT\DEBUG\PROJECTTEST.OBJ
F:\C++ PROJECT\PROJECT\PROJECT\DEBUG\PROJECT.ILK
F:\C++ PROJECT\PROJECT\PROJECT\DEBUG\PROJECT.EXE
F:\C++ PROJECT\PROJECT\PROJECT\DEBUG\PROJECT.PDB
F:\C++ Project\Project\Project\Debug\open_save_file.obj
F:\C++ Project\Project\Project\Debug\projectTest.obj
F:\C++ Project\Project\Project\Debug\testProject.obj
F:\C++ Project\Project\Project\Debug\一元多项式.obj
F:\C++ Project\Project\Project\Debug\八皇后回溯递归.obj
F:\C++ Project\Project\Project\Debug\哈希表.obj
F:\C++ Project\Project\Project\Debug\平衡二叉树.obj
F:\C++ Project\Project\Project\Debug\排序.obj
F:\C++ Project\Project\Project\Debug\查找与排序.obj
F:\C++ Project\Project\Project\Debug\递归迷宫.obj
F:\C++ Project\Project\Project\Debug\Project.ilk
F:\C++ Project\Project\Project\Debug\cl.command.1.tlog
F:\C++ Project\Project\Project\Debug\CL.read.1.tlog
F:\C++ Project\Project\Project\Debug\CL.write.1.tlog
F:\C++ Project\Project\Project\Debug\link-cvtres.read.1.tlog
F:\C++ Project\Project\Project\Debug\link-cvtres.write.1.tlog
F:\C++ Project\Project\Project\Debug\link-rc.read.1.tlog
F:\C++ Project\Project\Project\Debug\link-rc.write.1.tlog
F:\C++ Project\Project\Project\Debug\link.10208-cvtres.read.1.tlog
F:\C++ Project\Project\Project\Debug\link.10208-cvtres.write.1.tlog
F:\C++ Project\Project\Project\Debug\link.10208-rc.read.1.tlog
F:\C++ Project\Project\Project\Debug\link.10208-rc.write.1.tlog
F:\C++ Project\Project\Project\Debug\link.10208.read.1.tlog
F:\C++ Project\Project\Project\Debug\link.10208.write.1.tlog
F:\C++ Project\Project\Project\Debug\link.10604-cvtres.read.1.tlog
F:\C++ Project\Project\Project\Debug\link.10604-cvtres.write.1.tlog
F:\C++ Project\Project\Project\Debug\link.10604-rc.read.1.tlog
F:\C++ Project\Project\Project\Debug\link.10604-rc.write.1.tlog
F:\C++ Project\Project\Project\Debug\link.10604.read.1.tlog
F:\C++ Project\Project\Project\Debug\link.10604.write.1.tlog
F:\C++ Project\Project\Project\Debug\link.10644-cvtres.read.1.tlog
F:\C++ Project\Project\Project\Debug\link.10644-cvtres.write.1.tlog
F:\C++ Project\Project\Project\Debug\link.10644-rc.read.1.tlog
F:\C++ Project\Project\Project\Debug\link.10644-rc.write.1.tlog
F:\C++ Project\Project\Project\Debug\link.10644.read.1.tlog
F:\C++ Project\Project\Project\Debug\link.10644.write.1.tlog
F:\C++ Project\Project\Project\Debug\link.11628-cvtres.read.1.tlog
F:\C++ Project\Project\Project\Debug\link.11628-cvtres.write.1.tlog
F:\C++ Project\Project\Project\Debug\link.11628-rc.read.1.tlog
F:\C++ Project\Project\Project\Debug\link.11628-rc.write.1.tlog
F:\C++ Project\Project\Project\Debug\link.11628.read.1.tlog
F:\C++ Project\Project\Project\Debug\link.11628.write.1.tlog
F:\C++ Project\Project\Project\Debug\link.12060-cvtres.read.1.tlog
F:\C++ Project\Project\Project\Debug\link.12060-cvtres.write.1.tlog
F:\C++ Project\Project\Project\Debug\link.12060-rc.read.1.tlog
F:\C++ Project\Project\Project\Debug\link.12060-rc.write.1.tlog
F:\C++ Project\Project\Project\Debug\link.12060.read.1.tlog
F:\C++ Project\Project\Project\Debug\link.12060.write.1.tlog
F:\C++ Project\Project\Project\Debug\link.13372-cvtres.read.1.tlog
F:\C++ Project\Project\Project\Debug\link.13372-cvtres.write.1.tlog
F:\C++ Project\Project\Project\Debug\link.13372-rc.read.1.tlog
F:\C++ Project\Project\Project\Debug\link.13372-rc.write.1.tlog
F:\C++ Project\Project\Project\Debug\link.13372.read.1.tlog
F:\C++ Project\Project\Project\Debug\link.13372.write.1.tlog
F:\C++ Project\Project\Project\Debug\link.15072-cvtres.read.1.tlog
F:\C++ Project\Project\Project\Debug\link.15072-cvtres.write.1.tlog
F:\C++ Project\Project\Project\Debug\link.15072-rc.read.1.tlog
F:\C++ Project\Project\Project\Debug\link.15072-rc.write.1.tlog
F:\C++ Project\Project\Project\Debug\link.15072.read.1.tlog
F:\C++ Project\Project\Project\Debug\link.15072.write.1.tlog
F:\C++ Project\Project\Project\Debug\link.23780-cvtres.read.1.tlog
F:\C++ Project\Project\Project\Debug\link.23780-cvtres.write.1.tlog
F:\C++ Project\Project\Project\Debug\link.23780-rc.read.1.tlog
F:\C++ Project\Project\Project\Debug\link.23780-rc.write.1.tlog
F:\C++ Project\Project\Project\Debug\link.23780.read.1.tlog
F:\C++ Project\Project\Project\Debug\link.23780.write.1.tlog
F:\C++ Project\Project\Project\Debug\link.26164-cvtres.read.1.tlog
F:\C++ Project\Project\Project\Debug\link.26164-cvtres.write.1.tlog
F:\C++ Project\Project\Project\Debug\link.26164-rc.read.1.tlog
F:\C++ Project\Project\Project\Debug\link.26164-rc.write.1.tlog
F:\C++ Project\Project\Project\Debug\link.26164.read.1.tlog
F:\C++ Project\Project\Project\Debug\link.26164.write.1.tlog
F:\C++ Project\Project\Project\Debug\link.2724-cvtres.read.1.tlog
F:\C++ Project\Project\Project\Debug\link.2724-cvtres.write.1.tlog
F:\C++ Project\Project\Project\Debug\link.2724-rc.read.1.tlog
F:\C++ Project\Project\Project\Debug\link.2724-rc.write.1.tlog
F:\C++ Project\Project\Project\Debug\link.2724.read.1.tlog
F:\C++ Project\Project\Project\Debug\link.2724.write.1.tlog
F:\C++ Project\Project\Project\Debug\link.31672-cvtres.read.1.tlog
F:\C++ Project\Project\Project\Debug\link.31672-cvtres.write.1.tlog
F:\C++ Project\Project\Project\Debug\link.31672-rc.read.1.tlog
F:\C++ Project\Project\Project\Debug\link.31672-rc.write.1.tlog
F:\C++ Project\Project\Project\Debug\link.31672.read.1.tlog
F:\C++ Project\Project\Project\Debug\link.31672.write.1.tlog
F:\C++ Project\Project\Project\Debug\link.33480-cvtres.read.1.tlog
F:\C++ Project\Project\Project\Debug\link.33480-cvtres.write.1.tlog
F:\C++ Project\Project\Project\Debug\link.33480-rc.read.1.tlog
F:\C++ Project\Project\Project\Debug\link.33480-rc.write.1.tlog
F:\C++ Project\Project\Project\Debug\link.33480.read.1.tlog
F:\C++ Project\Project\Project\Debug\link.33480.write.1.tlog
F:\C++ Project\Project\Project\Debug\link.3436-cvtres.read.1.tlog
F:\C++ Project\Project\Project\Debug\link.3436-cvtres.write.1.tlog
F:\C++ Project\Project\Project\Debug\link.3436-rc.read.1.tlog
F:\C++ Project\Project\Project\Debug\link.3436-rc.write.1.tlog
F:\C++ Project\Project\Project\Debug\link.3436.read.1.tlog
F:\C++ Project\Project\Project\Debug\link.3436.write.1.tlog
F:\C++ Project\Project\Project\Debug\link.4240-cvtres.read.1.tlog
F:\C++ Project\Project\Project\Debug\link.4240-cvtres.write.1.tlog
F:\C++ Project\Project\Project\Debug\link.4240-rc.read.1.tlog
F:\C++ Project\Project\Project\Debug\link.4240-rc.write.1.tlog
F:\C++ Project\Project\Project\Debug\link.4240.read.1.tlog
F:\C++ Project\Project\Project\Debug\link.4240.write.1.tlog
F:\C++ Project\Project\Project\Debug\link.5252-cvtres.read.1.tlog
F:\C++ Project\Project\Project\Debug\link.5252-cvtres.write.1.tlog
F:\C++ Project\Project\Project\Debug\link.5252-rc.read.1.tlog
F:\C++ Project\Project\Project\Debug\link.5252-rc.write.1.tlog
F:\C++ Project\Project\Project\Debug\link.5252.read.1.tlog
F:\C++ Project\Project\Project\Debug\link.5252.write.1.tlog
F:\C++ Project\Project\Project\Debug\link.544-cvtres.read.1.tlog
F:\C++ Project\Project\Project\Debug\link.544-cvtres.write.1.tlog
F:\C++ Project\Project\Project\Debug\link.544-rc.read.1.tlog
F:\C++ Project\Project\Project\Debug\link.544-rc.write.1.tlog
F:\C++ Project\Project\Project\Debug\link.544.read.1.tlog
F:\C++ Project\Project\Project\Debug\link.544.write.1.tlog
F:\C++ Project\Project\Project\Debug\link.6196-cvtres.read.1.tlog
F:\C++ Project\Project\Project\Debug\link.6196-cvtres.write.1.tlog
F:\C++ Project\Project\Project\Debug\link.6196-rc.read.1.tlog
F:\C++ Project\Project\Project\Debug\link.6196-rc.write.1.tlog
F:\C++ Project\Project\Project\Debug\link.6196.read.1.tlog
F:\C++ Project\Project\Project\Debug\link.6196.write.1.tlog
F:\C++ Project\Project\Project\Debug\link.6524-cvtres.read.1.tlog
F:\C++ Project\Project\Project\Debug\link.6524-cvtres.write.1.tlog
F:\C++ Project\Project\Project\Debug\link.6524-rc.read.1.tlog
F:\C++ Project\Project\Project\Debug\link.6524-rc.write.1.tlog
F:\C++ Project\Project\Project\Debug\link.6524.read.1.tlog
F:\C++ Project\Project\Project\Debug\link.6524.write.1.tlog
F:\C++ Project\Project\Project\Debug\link.6940-cvtres.read.1.tlog
F:\C++ Project\Project\Project\Debug\link.6940-cvtres.write.1.tlog
F:\C++ Project\Project\Project\Debug\link.6940-rc.read.1.tlog
F:\C++ Project\Project\Project\Debug\link.6940-rc.write.1.tlog
F:\C++ Project\Project\Project\Debug\link.6940.read.1.tlog
F:\C++ Project\Project\Project\Debug\link.6940.write.1.tlog
F:\C++ Project\Project\Project\Debug\link.8016-cvtres.read.1.tlog
F:\C++ Project\Project\Project\Debug\link.8016-cvtres.write.1.tlog
F:\C++ Project\Project\Project\Debug\link.8016-rc.read.1.tlog
F:\C++ Project\Project\Project\Debug\link.8016-rc.write.1.tlog
F:\C++ Project\Project\Project\Debug\link.8016.read.1.tlog
F:\C++ Project\Project\Project\Debug\link.8016.write.1.tlog
F:\C++ Project\Project\Project\Debug\link.8404-cvtres.read.1.tlog
F:\C++ Project\Project\Project\Debug\link.8404-cvtres.write.1.tlog
F:\C++ Project\Project\Project\Debug\link.8404-rc.read.1.tlog
F:\C++ Project\Project\Project\Debug\link.8404-rc.write.1.tlog
F:\C++ Project\Project\Project\Debug\link.8404.read.1.tlog
F:\C++ Project\Project\Project\Debug\link.8404.write.1.tlog
F:\C++ Project\Project\Project\Debug\link.8476-cvtres.read.1.tlog
F:\C++ Project\Project\Project\Debug\link.8476-cvtres.write.1.tlog
F:\C++ Project\Project\Project\Debug\link.8476-rc.read.1.tlog
F:\C++ Project\Project\Project\Debug\link.8476-rc.write.1.tlog
F:\C++ Project\Project\Project\Debug\link.8476.read.1.tlog
F:\C++ Project\Project\Project\Debug\link.8476.write.1.tlog
F:\C++ Project\Project\Project\Debug\link.8536-cvtres.read.1.tlog
F:\C++ Project\Project\Project\Debug\link.8536-cvtres.write.1.tlog
F:\C++ Project\Project\Project\Debug\link.8536-rc.read.1.tlog
F:\C++ Project\Project\Project\Debug\link.8536-rc.write.1.tlog
F:\C++ Project\Project\Project\Debug\link.8536.read.1.tlog
F:\C++ Project\Project\Project\Debug\link.8536.write.1.tlog
F:\C++ Project\Project\Project\Debug\link.9536-cvtres.read.1.tlog
F:\C++ Project\Project\Project\Debug\link.9536-cvtres.write.1.tlog
F:\C++ Project\Project\Project\Debug\link.9536-rc.read.1.tlog
F:\C++ Project\Project\Project\Debug\link.9536-rc.write.1.tlog
F:\C++ Project\Project\Project\Debug\link.9536.read.1.tlog
F:\C++ Project\Project\Project\Debug\link.9536.write.1.tlog
F:\C++ Project\Project\Project\Debug\link.9544-cvtres.read.1.tlog
F:\C++ Project\Project\Project\Debug\link.9544-cvtres.write.1.tlog
F:\C++ Project\Project\Project\Debug\link.9544-rc.read.1.tlog
F:\C++ Project\Project\Project\Debug\link.9544-rc.write.1.tlog
F:\C++ Project\Project\Project\Debug\link.9544.read.1.tlog
F:\C++ Project\Project\Project\Debug\link.9544.write.1.tlog
F:\C++ Project\Project\Project\Debug\link.9672-cvtres.read.1.tlog
F:\C++ Project\Project\Project\Debug\link.9672-cvtres.write.1.tlog
F:\C++ Project\Project\Project\Debug\link.9672-rc.read.1.tlog
F:\C++ Project\Project\Project\Debug\link.9672-rc.write.1.tlog
F:\C++ Project\Project\Project\Debug\link.9672.read.1.tlog
F:\C++ Project\Project\Project\Debug\link.9672.write.1.tlog
F:\C++ Project\Project\Project\Debug\link.9880-cvtres.read.1.tlog
F:\C++ Project\Project\Project\Debug\link.9880-cvtres.write.1.tlog
F:\C++ Project\Project\Project\Debug\link.9880-rc.read.1.tlog
F:\C++ Project\Project\Project\Debug\link.9880-rc.write.1.tlog
F:\C++ Project\Project\Project\Debug\link.9880.read.1.tlog
F:\C++ Project\Project\Project\Debug\link.9880.write.1.tlog
F:\C++ Project\Project\Project\Debug\link.command.1.tlog
F:\C++ Project\Project\Project\Debug\link.read.1.tlog
F:\C++ Project\Project\Project\Debug\link.write.1.tlog
F:\C++ Project\Project\Project\Debug\vc110.idb
F:\C++ Project\Project\Project\Debug\Project.pdb
F:\C++ Project\Project\Project\Debug\vc110.pdb
F:\C++ Project\Project\Project\Debug\Project.exe
